Build started 12. 3. 2019 19:01:34.
     1>Project "C:\Users\User\Documents\PPS\Dist\Dist\Dist.vcxproj" on node 2 (Build target(s)).
     1>Link:
         C:\Programy\Microsoft Visual Studio 12.0\VC\bin\link.exe /ERRORREPORT:PROMPT /OUT:"C:\Users\User\Documents\PPS\Dist\Release\Dist.exe" /INCREMENTAL:NO /NOLOGO pthreadVC2.lib kernel32.lib user32.lib gdi32.lib winspool.lib comdlg32.lib advapi32.lib shell32.lib ole32.lib oleaut32.lib uuid.lib odbc32.lib odbccp32.lib /MANIFEST /MANIFESTUAC:"level='asInvoker' uiAccess='false'" /manifest:embed /DEBUG /PDB:"C:\Users\User\Documents\PPS\Dist\Release\Dist.pdb" /SUBSYSTEM:CONSOLE /OPT:REF /OPT:ICF /LTCG /TLBID:1 /DYNAMICBASE /NXCOMPAT /IMPLIB:"C:\Users\User\Documents\PPS\Dist\Release\Dist.lib" /MACHINE:X86 /SAFESEH Release\main.obj
         Release\pthreads_hamming.obj
         Release\serial_hamming.obj
         Release\utils.obj
     1>pthreads_hamming.obj : error LNK2001: unresolved external symbol __imp__pthread_exit
     1>pthreads_hamming.obj : error LNK2001: unresolved external symbol __imp__pthread_create
     1>pthreads_hamming.obj : error LNK2001: unresolved external symbol __imp__pthread_join
     1>C:\Users\User\Documents\PPS\Dist\Release\Dist.exe : fatal error LNK1120: 3 unresolved externals
     1>Done Building Project "C:\Users\User\Documents\PPS\Dist\Dist\Dist.vcxproj" (Build target(s)) -- FAILED.

Build FAILED.

Time Elapsed 00:00:00.20
